
Showing logs for build [32mcb-kubecd-environment-pr-195-18-48m6q-1[0m stage [32mfrom-build-pack[0m and container [32mstep-credential-initializer-kp2vz[0m
{"level":"warn","ts":1586212253.7418404,"logger":"fallback-logger","caller":"logging/config.go:69","msg":"Fetch GitHub commit ID from kodata failed: \"ref: refs/heads/0.8.0-**-support-backwards-incompats\" is not a valid GitHub commit ID"}
{"level":"info","ts":1586212253.74295,"logger":"fallback-logger","caller":"creds-init/main.go:40","msg":"Credentials initialized."}

Showing logs for build [32mcb-kubecd-environment-pr-195-18-48m6q-1[0m stage [32mfrom-build-pack[0m and container [32mstep-working-dir-initializer-t6s6h[0m
{"level":"warn","ts":1586212254.7035446,"logger":"fallback-logger","caller":"logging/config.go:69","msg":"Fetch GitHub commit ID from kodata failed: open /var/run/ko/HEAD: no such file or directory"}
{"level":"info","ts":1586212254.7050517,"logger":"fallback-logger","caller":"bash/main.go:64","msg":"Successfully executed command \"sh -c mkdir -p /workspace/source\"; output "}

Showing logs for build [32mcb-kubecd-environment-pr-195-18-48m6q-1[0m stage [32mfrom-build-pack[0m and container [32mstep-place-tools[0m

Showing logs for build [32mcb-kubecd-environment-pr-195-18-48m6q-1[0m stage [32mfrom-build-pack[0m and container [32mstep-git-source-cb-kubecd-environment-pr-195-18-48m6q-hcm4s[0m
{"level":"warn","ts":1586212259.783985,"logger":"fallback-logger","caller":"logging/config.go:69","msg":"Fetch GitHub commit ID from kodata failed: \"ref: refs/heads/0.8.0-**-support-backwards-incompats\" is not a valid GitHub commit ID"}
{"level":"info","ts":1586212260.802196,"logger":"fallback-logger","caller":"git/git.go:103","msg":"Successfully cloned https://github.com/cb-kubecd/environment-pr-195-18-boot-gke-staging.git @ master in path /workspace/source"}

Showing logs for build [32mcb-kubecd-environment-pr-195-18-48m6q-1[0m stage [32mfrom-build-pack[0m and container [32mstep-git-merge[0m
Using SHAs from PULL_REFS=master:acb0b4920c48c04e01acec860546ff684f6d5198,1:facaafcafa3098edfef80c0c1cc111a8e2ce4df8
DEBUG: LC_ALL=C JX_LOG_LEVEL=error git fetch origin --unshallow facaafcafa3098edfef80c0c1cc111a8e2ce4df8: acb0b4920c48c04e01acec860546ff684f6d5198:
DEBUG: ran git fetch --unshallow origin facaafcafa3098edfef80c0c1cc111a8e2ce4df8: acb0b4920c48c04e01acec860546ff684f6d5198: in 
DEBUG: JX_LOG_LEVEL=error LC_ALL=C git branch
DEBUG: LC_ALL=C JX_LOG_LEVEL=error git checkout master
DEBUG: ran git checkout master in 
DEBUG: JX_LOG_LEVEL=error LC_ALL=C git reset --hard acb0b4920c48c04e01acec860546ff684f6d5198
DEBUG: ran git reset --hard acb0b4920c48c04e01acec860546ff684f6d5198 in 
DEBUG: JX_LOG_LEVEL=error LC_ALL=C git clean -fd .
DEBUG: ran clean --force -d . in 
DEBUG: LC_ALL=C JX_LOG_LEVEL=error git merge facaafcafa3098edfef80c0c1cc111a8e2ce4df8
DEBUG: ran git merge facaafcafa3098edfef80c0c1cc111a8e2ce4df8 in 
DEBUG: JX_LOG_LEVEL=error LC_ALL=C git log --format=%H%x1f%an%x1f%ae%x1f%cn%x1f%ce%x1f%s%n%b%x1e acb0b4920c48c04e01acec860546ff684f6d5198..HEAD
Merged SHA facaafcafa3098edfef80c0c1cc111a8e2ce4df8 with commit message 'chore: Promote bdd-spring-1586211919 to version 0.0.1' into base branch master

Showing logs for build [32mcb-kubecd-environment-pr-195-18-48m6q-1[0m stage [32mfrom-build-pack[0m and container [32mstep-build-helm-build[0m
WARNING: No $CHART_REPOSITORY defined so using the default value of: http://jenkins-x-chartmuseum:8080
Adding missing Helm repo: storage.googleapis.com https://storage.googleapis.com/chartmuseum.jenkins-x.io
WARNING: No secrets found on "helm/repos" due: reading the secret "helm/repos" from vault: no secret "helm/repos" not found in vault
Read credentials for https://storage.googleapis.com/chartmuseum.jenkins-x.io from vault helm/repos
Successfully added Helm repository storage.googleapis.com.
Adding missing Helm repo: jenkins-x-chartmuseum http://jenkins-x-chartmuseum:8080
WARNING: No secrets found on "helm/repos" due: reading the secret "helm/repos" from vault: no secret "helm/repos" not found in vault
Read credentials for http://jenkins-x-chartmuseum:8080 from vault helm/repos
Successfully added Helm repository jenkins-x-chartmuseum.
WARNING: No $CHART_REPOSITORY defined so using the default value of: http://jenkins-x-chartmuseum:8080
Adding missing Helm repo: chartmuseum.jenkins-x.io http://chartmuseum.jenkins-x.io
WARNING: No secrets found on "helm/repos" due: reading the secret "helm/repos" from vault: no secret "helm/repos" not found in vault
Read credentials for http://chartmuseum.jenkins-x.io from vault helm/repos
Successfully added Helm repository chartmuseum.jenkins-x.io.
