
Showing logs for build [32mcb-kubecd-environment-pr-195-18-g9s8c-1[0m stage [32mfrom-build-pack[0m and container [32mstep-credential-initializer-f6x2z[0m
{"level":"warn","ts":1586214653.883129,"logger":"fallback-logger","caller":"logging/config.go:69","msg":"Fetch GitHub commit ID from kodata failed: \"ref: refs/heads/0.8.0-**-support-backwards-incompats\" is not a valid GitHub commit ID"}
{"level":"info","ts":1586214653.8839867,"logger":"fallback-logger","caller":"creds-init/main.go:40","msg":"Credentials initialized."}

Showing logs for build [32mcb-kubecd-environment-pr-195-18-g9s8c-1[0m stage [32mfrom-build-pack[0m and container [32mstep-working-dir-initializer-4mfnf[0m
{"level":"warn","ts":1586214655.360472,"logger":"fallback-logger","caller":"logging/config.go:69","msg":"Fetch GitHub commit ID from kodata failed: open /var/run/ko/HEAD: no such file or directory"}
{"level":"info","ts":1586214655.3769143,"logger":"fallback-logger","caller":"bash/main.go:64","msg":"Successfully executed command \"sh -c mkdir -p /workspace/source\"; output "}

Showing logs for build [32mcb-kubecd-environment-pr-195-18-g9s8c-1[0m stage [32mfrom-build-pack[0m and container [32mstep-place-tools[0m

Showing logs for build [32mcb-kubecd-environment-pr-195-18-g9s8c-1[0m stage [32mfrom-build-pack[0m and container [32mstep-git-source-cb-kubecd-environment-pr-195-18-g9s8c-njp2z[0m
{"level":"warn","ts":1586214660.7085257,"logger":"fallback-logger","caller":"logging/config.go:69","msg":"Fetch GitHub commit ID from kodata failed: \"ref: refs/heads/0.8.0-**-support-backwards-incompats\" is not a valid GitHub commit ID"}
{"level":"info","ts":1586214661.9367409,"logger":"fallback-logger","caller":"git/git.go:103","msg":"Successfully cloned https://github.com/cb-kubecd/environment-pr-195-18-boot-gke-staging.git @ master in path /workspace/source"}

Showing logs for build [32mcb-kubecd-environment-pr-195-18-g9s8c-1[0m stage [32mfrom-build-pack[0m and container [32mstep-git-merge[0m
Using SHAs from PULL_REFS=master:f29da9f8b67eaf1348cce1ea44ff85a097d0febe,4:70829bcaef17ffd049fbff60d5d44382575e7700
DEBUG: JX_LOG_LEVEL=error LC_ALL=C git fetch origin --unshallow 70829bcaef17ffd049fbff60d5d44382575e7700: f29da9f8b67eaf1348cce1ea44ff85a097d0febe:
DEBUG: ran git fetch --unshallow origin 70829bcaef17ffd049fbff60d5d44382575e7700: f29da9f8b67eaf1348cce1ea44ff85a097d0febe: in 
DEBUG: LC_ALL=C JX_LOG_LEVEL=error git branch
DEBUG: LC_ALL=C JX_LOG_LEVEL=error git checkout master
DEBUG: ran git checkout master in 
DEBUG: JX_LOG_LEVEL=error LC_ALL=C git reset --hard f29da9f8b67eaf1348cce1ea44ff85a097d0febe
DEBUG: ran git reset --hard f29da9f8b67eaf1348cce1ea44ff85a097d0febe in 
DEBUG: LC_ALL=C JX_LOG_LEVEL=error git clean -fd .
DEBUG: ran clean --force -d . in 
DEBUG: LC_ALL=C JX_LOG_LEVEL=error git merge 70829bcaef17ffd049fbff60d5d44382575e7700
DEBUG: ran git merge 70829bcaef17ffd049fbff60d5d44382575e7700 in 
DEBUG: LC_ALL=C JX_LOG_LEVEL=error git log --format=%H%x1f%an%x1f%ae%x1f%cn%x1f%ce%x1f%s%n%b%x1e f29da9f8b67eaf1348cce1ea44ff85a097d0febe..HEAD
Merged SHA 70829bcaef17ffd049fbff60d5d44382575e7700 with commit message 'chore: Promote bdd-sbhg-1586213032 to version 0.0.1' into base branch master

Showing logs for build [32mcb-kubecd-environment-pr-195-18-g9s8c-1[0m stage [32mfrom-build-pack[0m and container [32mstep-build-helm-build[0m
WARNING: No $CHART_REPOSITORY defined so using the default value of: http://jenkins-x-chartmuseum:8080
Adding missing Helm repo: storage.googleapis.com https://storage.googleapis.com/chartmuseum.jenkins-x.io
WARNING: No secrets found on "helm/repos" due: reading the secret "helm/repos" from vault: no secret "helm/repos" not found in vault
Read credentials for https://storage.googleapis.com/chartmuseum.jenkins-x.io from vault helm/repos
Successfully added Helm repository storage.googleapis.com.
Adding missing Helm repo: jenkins-x-chartmuseum http://jenkins-x-chartmuseum:8080
WARNING: No secrets found on "helm/repos" due: reading the secret "helm/repos" from vault: no secret "helm/repos" not found in vault
Read credentials for http://jenkins-x-chartmuseum:8080 from vault helm/repos
Successfully added Helm repository jenkins-x-chartmuseum.
WARNING: No $CHART_REPOSITORY defined so using the default value of: http://jenkins-x-chartmuseum:8080
Adding missing Helm repo: chartmuseum.jenkins-x.io http://chartmuseum.jenkins-x.io
WARNING: No secrets found on "helm/repos" due: reading the secret "helm/repos" from vault: no secret "helm/repos" not found in vault
Read credentials for http://chartmuseum.jenkins-x.io from vault helm/repos
Successfully added Helm repository chartmuseum.jenkins-x.io.
