
Showing logs for build [32mcb-kubecd-environment-pr-195-18-v45cf-1[0m stage [32mfrom-build-pack[0m and container [32mstep-credential-initializer-srb2f[0m
{"level":"warn","ts":1586217229.3960407,"logger":"fallback-logger","caller":"logging/config.go:69","msg":"Fetch GitHub commit ID from kodata failed: \"ref: refs/heads/0.8.0-**-support-backwards-incompats\" is not a valid GitHub commit ID"}
{"level":"info","ts":1586217229.4003682,"logger":"fallback-logger","caller":"creds-init/main.go:40","msg":"Credentials initialized."}

Showing logs for build [32mcb-kubecd-environment-pr-195-18-v45cf-1[0m stage [32mfrom-build-pack[0m and container [32mstep-working-dir-initializer-7cz58[0m
{"level":"warn","ts":1586217230.78121,"logger":"fallback-logger","caller":"logging/config.go:69","msg":"Fetch GitHub commit ID from kodata failed: open /var/run/ko/HEAD: no such file or directory"}
{"level":"info","ts":1586217230.7828023,"logger":"fallback-logger","caller":"bash/main.go:64","msg":"Successfully executed command \"sh -c mkdir -p /workspace/source\"; output "}

Showing logs for build [32mcb-kubecd-environment-pr-195-18-v45cf-1[0m stage [32mfrom-build-pack[0m and container [32mstep-place-tools[0m

Showing logs for build [32mcb-kubecd-environment-pr-195-18-v45cf-1[0m stage [32mfrom-build-pack[0m and container [32mstep-git-source-cb-kubecd-environment-pr-195-18-v45cf-969nc[0m
{"level":"warn","ts":1586217235.9913626,"logger":"fallback-logger","caller":"logging/config.go:69","msg":"Fetch GitHub commit ID from kodata failed: \"ref: refs/heads/0.8.0-**-support-backwards-incompats\" is not a valid GitHub commit ID"}
{"level":"info","ts":1586217237.067111,"logger":"fallback-logger","caller":"git/git.go:103","msg":"Successfully cloned https://github.com/cb-kubecd/environment-pr-195-18-boot-gke-staging.git @ master in path /workspace/source"}

Showing logs for build [32mcb-kubecd-environment-pr-195-18-v45cf-1[0m stage [32mfrom-build-pack[0m and container [32mstep-git-merge[0m
Using SHAs from PULL_REFS=master:e3795730339bd49cd889e9f1a4c81b9392ec1b38,8:514499a2fd7e64de3943cbb1b7a9534f0e8083e8
DEBUG: LC_ALL=C JX_LOG_LEVEL=error git fetch origin --unshallow 514499a2fd7e64de3943cbb1b7a9534f0e8083e8: e3795730339bd49cd889e9f1a4c81b9392ec1b38:
DEBUG: ran git fetch --unshallow origin 514499a2fd7e64de3943cbb1b7a9534f0e8083e8: e3795730339bd49cd889e9f1a4c81b9392ec1b38: in 
DEBUG: LC_ALL=C JX_LOG_LEVEL=error git branch
DEBUG: JX_LOG_LEVEL=error LC_ALL=C git checkout master
DEBUG: ran git checkout master in 
DEBUG: LC_ALL=C JX_LOG_LEVEL=error git reset --hard e3795730339bd49cd889e9f1a4c81b9392ec1b38
DEBUG: ran git reset --hard e3795730339bd49cd889e9f1a4c81b9392ec1b38 in 
DEBUG: LC_ALL=C JX_LOG_LEVEL=error git clean -fd .
DEBUG: ran clean --force -d . in 
DEBUG: JX_LOG_LEVEL=error LC_ALL=C git merge 514499a2fd7e64de3943cbb1b7a9534f0e8083e8
DEBUG: ran git merge 514499a2fd7e64de3943cbb1b7a9534f0e8083e8 in 
DEBUG: LC_ALL=C JX_LOG_LEVEL=error git log --format=%H%x1f%an%x1f%ae%x1f%cn%x1f%ce%x1f%s%n%b%x1e e3795730339bd49cd889e9f1a4c81b9392ec1b38..HEAD
Merged SHA 514499a2fd7e64de3943cbb1b7a9534f0e8083e8 with commit message 'chore: Promote bdd-sbrp-import-1586215332 to version 0.0.1' into base branch master

Showing logs for build [32mcb-kubecd-environment-pr-195-18-v45cf-1[0m stage [32mfrom-build-pack[0m and container [32mstep-build-helm-build[0m
WARNING: No $CHART_REPOSITORY defined so using the default value of: http://jenkins-x-chartmuseum:8080
Adding missing Helm repo: storage.googleapis.com https://storage.googleapis.com/chartmuseum.jenkins-x.io
WARNING: No secrets found on "helm/repos" due: reading the secret "helm/repos" from vault: no secret "helm/repos" not found in vault
Read credentials for https://storage.googleapis.com/chartmuseum.jenkins-x.io from vault helm/repos
Successfully added Helm repository storage.googleapis.com.
Adding missing Helm repo: jenkins-x-chartmuseum http://jenkins-x-chartmuseum:8080
WARNING: No secrets found on "helm/repos" due: reading the secret "helm/repos" from vault: no secret "helm/repos" not found in vault
Read credentials for http://jenkins-x-chartmuseum:8080 from vault helm/repos
Successfully added Helm repository jenkins-x-chartmuseum.
WARNING: No $CHART_REPOSITORY defined so using the default value of: http://jenkins-x-chartmuseum:8080
Adding missing Helm repo: chartmuseum.jenkins-x.io http://chartmuseum.jenkins-x.io
WARNING: No secrets found on "helm/repos" due: reading the secret "helm/repos" from vault: no secret "helm/repos" not found in vault
Read credentials for http://chartmuseum.jenkins-x.io from vault helm/repos
Successfully added Helm repository chartmuseum.jenkins-x.io.
